<?xml version="1.0" encoding="UTF-8"?>
<!DOCTYPE suite SYSTEM "http://testng.org/testng-1.0.dtd">
<suite name="Suite" allow-return-values="true">

<test name="fristname" junit="true">
<classes>
<class name="org.com.testpro.Bridge.BridgeQualitycontiperf"></class>
</classes>
</test>


</suite>